<?xml version="1.0" encoding="UTF-8"?>
<!-- Generated by org.testng.reporters.JUnitReportReporter -->
<testsuite hostname="LAPTOP-2KF1A8HA" failures="0" tests="2" name="Datadrvn.Datadrv" time="5.663" errors="0" timestamp="2024-05-11T12:03:37 IST" skipped="0">
  <testcase classname="Datadrvn.Datadrv" name="DemoProject" time="3.713"/>
  <system-out/>
  <testcase classname="Datadrvn.Datadrv" name="DemoProject" time="1.950"/>
  <system-out/>
</testsuite> <!-- Datadrvn.Datadrv -->
